<?xml version="1.0" encoding="UTF-8"?>
<testsuites name="Regression" time="111.049" tests="1" failures="1" errors="0">
   <testsuite name="Regression" tests="1" failures="1" errors="0" time="111.049" skipped="0" timestamp="2022-10-25 09:25:19" hostname="MSI - DESKTOP-P3BAH7Q" id="Test Suites/Regression">
      <properties>
         <property name="deviceName" value="emulator-5554 (Android SDK built for x86_64 - Android 10)"/>
         <property name="devicePlatform" value=""/>
         <property name="logFolder" value="C:\\Users\\MSI\\git\\automation-fe\\Reports\\20221025_092509\\Regression\\20221025_092510"/>
         <property name="logFiles" value="C:\\Users\\MSI\\git\\automation-fe\\Reports\\20221025_092509\\Regression\\20221025_092510\\appium.log, C:\\Users\\MSI\\git\\automation-fe\\Reports\\20221025_092509\\Regression\\20221025_092510\\execution0.log"/>
         <property name="attachments" value="C:\\Users\\MSI\\git\\automation-fe\\Reports\\20221025_092509\\Regression\\20221025_092510\\1666664830462.png"/>
         <property name="hostName" value="MSI - DESKTOP-P3BAH7Q"/>
         <property name="os" value="Windows 10 64bit"/>
         <property name="appiumServerStatus" value="{&quot;value&quot;:{&quot;build&quot;:{&quot;version&quot;:&quot;1.22.2&quot;}},&quot;sessionId&quot;:null,&quot;status&quot;:0}"/>
         <property name="katalonVersion" value="8.4.1.208"/>
         <property name="deviceOS" value="Android"/>
         <property name="appiumVersion" value="1.22.2"/>
         <property name="deviceModel" value="Android SDK built for x86_64"/>
         <property name="hostAddress" value="192.168.18.21"/>
         <property name="deviceManufacturer" value="Google"/>
         <property name="deviceId" value="emulator-5554"/>
         <property name="deviceName" value="emulator-5554 (Android SDK built for x86_64 - Android 10)"/>
         <property name="deviceOSVersion" value="10"/>
      </properties>
      <testcase name="Test Cases/Regression" time="110.872" classname="Test Cases/Regression" status="FAILED">
         <failure type="FAILED" message="Test Cases/Regression FAILED.
Reason:
com.kms.katalon.core.exception.StepFailedException: Feature file 'Include/features/HomePage.feature' was failed
	at com.kms.katalon.core.keyword.internal.KeywordMain.stepFailed(KeywordMain.groovy:50)
	at com.kms.katalon.core.keyword.internal.KeywordMain.stepFailed(KeywordMain.groovy)
	at com.kms.katalon.core.keyword.internal.KeywordMain.stepFailed(KeywordMain.groovy:23)
	at com.kms.katalon.core.keyword.internal.KeywordMain$stepFailed$0.call(Unknown Source)
	at com.kms.katalon.core.cucumber.keyword.CucumberBuiltinKeywords$_runFeatureFile_closure1.doCall(CucumberBuiltinKeywords.groovy:114)
	at com.kms.katalon.core.cucumber.keyword.CucumberBuiltinKeywords$_runFeatureFile_closure1.doCall(CucumberBuiltinKeywords.groovy)
	at com.kms.katalon.core.keyword.internal.KeywordMain.runKeyword(KeywordMain.groovy:74)
	at com.kms.katalon.core.keyword.internal.KeywordMain.runKeyword(KeywordMain.groovy:68)
	at com.kms.katalon.core.keyword.internal.KeywordMain$runKeyword.call(Unknown Source)
	at com.kms.katalon.core.cucumber.keyword.CucumberBuiltinKeywords.runFeatureFile(CucumberBuiltinKeywords.groovy:75)
	at com.kms.katalon.core.cucumber.keyword.CucumberBuiltinKeywords$runFeatureFile$0.callStatic(Unknown Source)
	at com.kms.katalon.core.cucumber.keyword.CucumberBuiltinKeywords.runFeatureFile(CucumberBuiltinKeywords.groovy:248)
	at com.kms.katalon.core.cucumber.keyword.CucumberBuiltinKeywords$runFeatureFile.call(Unknown Source)
	at Regression.run(Regression:21)
	at com.kms.katalon.core.main.ScriptEngine.run(ScriptEngine.java:194)
	at com.kms.katalon.core.main.ScriptEngine.runScriptAsRawText(ScriptEngine.java:119)
	at com.kms.katalon.core.main.TestCaseExecutor.runScript(TestCaseExecutor.java:448)
	at com.kms.katalon.core.main.TestCaseExecutor.doExecute(TestCaseExecutor.java:439)
	at com.kms.katalon.core.main.TestCaseExecutor.processExecutionPhase(TestCaseExecutor.java:418)
	at com.kms.katalon.core.main.TestCaseExecutor.accessMainPhase(TestCaseExecutor.java:410)
	at com.kms.katalon.core.main.TestCaseExecutor.execute(TestCaseExecutor.java:285)
	at com.kms.katalon.core.common.CommonExecutor.accessTestCaseMainPhase(CommonExecutor.java:65)
	at com.kms.katalon.core.main.TestSuiteExecutor.accessTestSuiteMainPhase(TestSuiteExecutor.java:144)
	at com.kms.katalon.core.main.TestSuiteExecutor.execute(TestSuiteExecutor.java:106)
	at com.kms.katalon.core.main.TestCaseMain.startTestSuite(TestCaseMain.java:185)
	at com.kms.katalon.core.main.TestCaseMain$startTestSuite$0.call(Unknown Source)
	at TempTestSuite1666664710935.run(TempTestSuite1666664710935.groovy:36)
"/>
         <system-out><![CDATA[2022-10-25 09:25:19 - [TEST_CASE][FAILED] - Test Cases/Regression: Test Cases/Regression FAILED.
Reason:
com.kms.katalon.core.exception.StepFailedException: Feature file 'Include/features/HomePage.feature' was failed
	at com.kms.katalon.core.keyword.internal.KeywordMain.stepFailed(KeywordMain.groovy:50)
	at com.kms.katalon.core.keyword.internal.KeywordMain.stepFailed(KeywordMain.groovy)
	at com.kms.katalon.core.keyword.internal.KeywordMain.stepFailed(KeywordMain.groovy:23)
	at com.kms.katalon.core.keyword.internal.KeywordMain$stepFailed$0.call(Unknown Source)
	at com.kms.katalon.core.cucumber.keyword.CucumberBuiltinKeywords$_runFeatureFile_closure1.doCall(CucumberBuiltinKeywords.groovy:114)
	at com.kms.katalon.core.cucumber.keyword.CucumberBuiltinKeywords$_runFeatureFile_closure1.doCall(CucumberBuiltinKeywords.groovy)
	at com.kms.katalon.core.keyword.internal.KeywordMain.runKeyword(KeywordMain.groovy:74)
	at com.kms.katalon.core.keyword.internal.KeywordMain.runKeyword(KeywordMain.groovy:68)
	at com.kms.katalon.core.keyword.internal.KeywordMain$runKeyword.call(Unknown Source)
	at com.kms.katalon.core.cucumber.keyword.CucumberBuiltinKeywords.runFeatureFile(CucumberBuiltinKeywords.groovy:75)
	at com.kms.katalon.core.cucumber.keyword.CucumberBuiltinKeywords$runFeatureFile$0.callStatic(Unknown Source)
	at com.kms.katalon.core.cucumber.keyword.CucumberBuiltinKeywords.runFeatureFile(CucumberBuiltinKeywords.groovy:248)
	at com.kms.katalon.core.cucumber.keyword.CucumberBuiltinKeywords$runFeatureFile.call(Unknown Source)
	at Regression.run(Regression:21)
	at com.kms.katalon.core.main.ScriptEngine.run(ScriptEngine.java:194)
	at com.kms.katalon.core.main.ScriptEngine.runScriptAsRawText(ScriptEngine.java:119)
	at com.kms.katalon.core.main.TestCaseExecutor.runScript(TestCaseExecutor.java:448)
	at com.kms.katalon.core.main.TestCaseExecutor.doExecute(TestCaseExecutor.java:439)
	at com.kms.katalon.core.main.TestCaseExecutor.processExecutionPhase(TestCaseExecutor.java:418)
	at com.kms.katalon.core.main.TestCaseExecutor.accessMainPhase(TestCaseExecutor.java:410)
	at com.kms.katalon.core.main.TestCaseExecutor.execute(TestCaseExecutor.java:285)
	at com.kms.katalon.core.common.CommonExecutor.accessTestCaseMainPhase(CommonExecutor.java:65)
	at com.kms.katalon.core.main.TestSuiteExecutor.accessTestSuiteMainPhase(TestSuiteExecutor.java:144)
	at com.kms.katalon.core.main.TestSuiteExecutor.execute(TestSuiteExecutor.java:106)
	at com.kms.katalon.core.main.TestCaseMain.startTestSuite(TestCaseMain.java:185)
	at com.kms.katalon.core.main.TestCaseMain$startTestSuite$0.call(Unknown Source)
	at TempTestSuite1666664710935.run(TempTestSuite1666664710935.groovy:36)


2022-10-25 09:25:20 - [TEST_STEP][PASSED] - runFeatureFile("Include/features/Login.feature"): Feature file: 'Include/features/Login.feature' was passed

2022-10-25 09:25:20 - [MESSAGE][INFO] - Starting run keyword runFeatureFile: 'Include/features/Login.feature' and extract report to folder: 'C:\Users\MSI\git\automation-fe\Reports\20221025_092509\Regression\20221025_092510/cucumber_report/1666664720269'...

2022-10-25 09:25:20 - [TEST_CASE][PASSED] - Start Test Case : SCENARIO Login with InValid Credentials: SCENARIO Login with InValid Credentials

2022-10-25 09:25:20 - [TEST_STEP][PASSED] - I open default app: I open default app

2022-10-25 09:25:21 - [MESSAGE][INFO] - User set preference: ['deviceId', 'emulator-5554']

2022-10-25 09:25:21 - [MESSAGE][INFO] - Detected NodeJS location: "C:\Program Files\nodejs\node.exe"

2022-10-25 09:25:22 - [MESSAGE][INFO] - Appium server started on port 51,454

2022-10-25 09:25:32 - [MESSAGE][PASSED] - Starting app with application ID: 'id.chatalia.app'

2022-10-25 09:25:37 - [MESSAGE][PASSED] - Delayed 5 second(s)

2022-10-25 09:25:37 - [MESSAGE][PASSED] - I open default app

2022-10-25 09:25:37 - [TEST_STEP][PASSED] - I should see 'Production/Login/SelamatDatang_Text': I should see 'Production/Login/SelamatDatang_Text'

2022-10-25 09:25:38 - [MESSAGE][PASSED] - Element 'Object Repository/Production/Login/SelamatDatang_Text' is visible

2022-10-25 09:25:38 - [MESSAGE][PASSED] - I should see 'Production/Login/SelamatDatang_Text'

2022-10-25 09:25:38 - [TEST_STEP][PASSED] - I click 'Production/Login/Lewati_Button': I click 'Production/Login/Lewati_Button'

2022-10-25 09:25:38 - [MESSAGE][PASSED] - Tapped on element 'Object Repository/Production/Login/Lewati_Button'

2022-10-25 09:25:38 - [MESSAGE][PASSED] - I click 'Production/Login/Lewati_Button'

2022-10-25 09:25:38 - [TEST_STEP][PASSED] - I click 'Production/Login/Mulai_Button': I click 'Production/Login/Mulai_Button'

2022-10-25 09:25:40 - [MESSAGE][PASSED] - Tapped on element 'Object Repository/Production/Login/Mulai_Button'

2022-10-25 09:25:40 - [MESSAGE][PASSED] - I click 'Production/Login/Mulai_Button'

2022-10-25 09:25:40 - [TEST_STEP][PASSED] - I click 'Production/Login/Email_Field': I click 'Production/Login/Email_Field'

2022-10-25 09:25:40 - [MESSAGE][PASSED] - Tapped on element 'Object Repository/Production/Login/Email_Field'

2022-10-25 09:25:40 - [MESSAGE][PASSED] - I click 'Production/Login/Email_Field'

2022-10-25 09:25:40 - [TEST_STEP][PASSED] - I type 'test312@gmail.com' on 'Production/Login/Email_Field': I type 'test312@gmail.com' on 'Production/Login/Email_Field'

2022-10-25 09:25:42 - [MESSAGE][PASSED] - Text 'test312@gmail.com' has been set to element 'Object Repository/Production/Login/Email_Field'

2022-10-25 09:25:42 - [MESSAGE][PASSED] - I type 'test312@gmail.com' on 'Production/Login/Email_Field'

2022-10-25 09:25:42 - [TEST_STEP][PASSED] - I hide keyboard: I hide keyboard

2022-10-25 09:25:43 - [MESSAGE][PASSED] - Keyboard is hidden

2022-10-25 09:25:43 - [MESSAGE][PASSED] - I hide keyboard

2022-10-25 09:25:43 - [TEST_STEP][PASSED] - I click 'Production/Login/Password_Field': I click 'Production/Login/Password_Field'

2022-10-25 09:25:44 - [MESSAGE][PASSED] - Tapped on element 'Object Repository/Production/Login/Password_Field'

2022-10-25 09:25:44 - [MESSAGE][PASSED] - I click 'Production/Login/Password_Field'

2022-10-25 09:25:44 - [TEST_STEP][PASSED] - I type '123456' on 'Production/Login/Password_Field': I type '123456' on 'Production/Login/Password_Field'

2022-10-25 09:25:45 - [MESSAGE][PASSED] - Text '123456' has been set to element 'Object Repository/Production/Login/Password_Field'

2022-10-25 09:25:45 - [MESSAGE][PASSED] - I type '123456' on 'Production/Login/Password_Field'

2022-10-25 09:25:45 - [TEST_STEP][PASSED] - I hide keyboard: I hide keyboard

2022-10-25 09:25:48 - [MESSAGE][PASSED] - Keyboard is hidden

2022-10-25 09:25:48 - [MESSAGE][PASSED] - I hide keyboard

2022-10-25 09:25:48 - [TEST_STEP][PASSED] - I click 'Production/Login/Login_Button': I click 'Production/Login/Login_Button'

2022-10-25 09:25:49 - [MESSAGE][PASSED] - Tapped on element 'Object Repository/Production/Login/Login_Button'

2022-10-25 09:25:49 - [MESSAGE][PASSED] - I click 'Production/Login/Login_Button'

2022-10-25 09:25:49 - [TEST_STEP][PASSED] - I wait for 5 seconds: I wait for 5 seconds

2022-10-25 09:25:54 - [MESSAGE][PASSED] - Delayed 5 second(s)

2022-10-25 09:25:54 - [MESSAGE][PASSED] - I wait for 5 seconds

2022-10-25 09:25:54 - [TEST_STEP][PASSED] - I should see 'Production/Login/LoginGagal': I should see 'Production/Login/LoginGagal'

2022-10-25 09:25:54 - [MESSAGE][PASSED] - Element 'Object Repository/Production/Login/LoginGagal' is visible

2022-10-25 09:25:54 - [MESSAGE][PASSED] - I should see 'Production/Login/LoginGagal'

2022-10-25 09:25:54 - [TEST_STEP][PASSED] - I wait for 5 seconds: I wait for 5 seconds

2022-10-25 09:25:59 - [MESSAGE][PASSED] - Delayed 5 second(s)

2022-10-25 09:25:59 - [MESSAGE][PASSED] - I wait for 5 seconds

2022-10-25 09:25:59 - [TEST_STEP][PASSED] - I kill app: I kill app

2022-10-25 09:26:00 - [MESSAGE][PASSED] - Press back button successfully

2022-10-25 09:26:00 - [MESSAGE][PASSED] - Press back button successfully

2022-10-25 09:26:01 - [MESSAGE][PASSED] - Press back button successfully

2022-10-25 09:26:02 - [MESSAGE][PASSED] - I kill app

2022-10-25 09:26:02 - [TEST_CASE][PASSED] - Start Test Case : SCENARIO Login with Valid Credentials: SCENARIO Login with Valid Credentials

2022-10-25 09:26:02 - [TEST_STEP][PASSED] - I open default app: I open default app

2022-10-25 09:26:02 - [MESSAGE][INFO] - User set preference: ['deviceId', 'emulator-5554']

2022-10-25 09:26:09 - [MESSAGE][PASSED] - Starting app with application ID: 'id.chatalia.app'

2022-10-25 09:26:14 - [MESSAGE][PASSED] - Delayed 5 second(s)

2022-10-25 09:26:14 - [MESSAGE][PASSED] - I open default app

2022-10-25 09:26:14 - [TEST_STEP][PASSED] - I should see 'Production/Login/SelamatDatang_Text': I should see 'Production/Login/SelamatDatang_Text'

2022-10-25 09:26:14 - [MESSAGE][PASSED] - Element 'Object Repository/Production/Login/SelamatDatang_Text' is visible

2022-10-25 09:26:14 - [MESSAGE][PASSED] - I should see 'Production/Login/SelamatDatang_Text'

2022-10-25 09:26:14 - [TEST_STEP][PASSED] - I click 'Production/Login/Lewati_Button': I click 'Production/Login/Lewati_Button'

2022-10-25 09:26:15 - [MESSAGE][PASSED] - Tapped on element 'Object Repository/Production/Login/Lewati_Button'

2022-10-25 09:26:15 - [MESSAGE][PASSED] - I click 'Production/Login/Lewati_Button'

2022-10-25 09:26:15 - [TEST_STEP][PASSED] - I click 'Production/Login/Mulai_Button': I click 'Production/Login/Mulai_Button'

2022-10-25 09:26:17 - [MESSAGE][PASSED] - Tapped on element 'Object Repository/Production/Login/Mulai_Button'

2022-10-25 09:26:17 - [MESSAGE][PASSED] - I click 'Production/Login/Mulai_Button'

2022-10-25 09:26:17 - [TEST_STEP][PASSED] - I click 'Production/Login/Email_Field': I click 'Production/Login/Email_Field'

2022-10-25 09:26:17 - [MESSAGE][PASSED] - Tapped on element 'Object Repository/Production/Login/Email_Field'

2022-10-25 09:26:17 - [MESSAGE][PASSED] - I click 'Production/Login/Email_Field'

2022-10-25 09:26:17 - [TEST_STEP][PASSED] - I type 'test31@gmail.com' on 'Production/Login/Email_Field': I type 'test31@gmail.com' on 'Production/Login/Email_Field'

2022-10-25 09:26:18 - [MESSAGE][PASSED] - Text 'test31@gmail.com' has been set to element 'Object Repository/Production/Login/Email_Field'

2022-10-25 09:26:18 - [MESSAGE][PASSED] - I type 'test31@gmail.com' on 'Production/Login/Email_Field'

2022-10-25 09:26:18 - [TEST_STEP][PASSED] - I hide keyboard: I hide keyboard

2022-10-25 09:26:19 - [MESSAGE][PASSED] - Keyboard is hidden

2022-10-25 09:26:19 - [MESSAGE][PASSED] - I hide keyboard

2022-10-25 09:26:19 - [TEST_STEP][PASSED] - I click 'Production/Login/Password_Field': I click 'Production/Login/Password_Field'

2022-10-25 09:26:20 - [MESSAGE][PASSED] - Tapped on element 'Object Repository/Production/Login/Password_Field'

2022-10-25 09:26:20 - [MESSAGE][PASSED] - I click 'Production/Login/Password_Field'

2022-10-25 09:26:20 - [TEST_STEP][PASSED] - I type '123456' on 'Production/Login/Password_Field': I type '123456' on 'Production/Login/Password_Field'

2022-10-25 09:26:20 - [MESSAGE][PASSED] - Text '123456' has been set to element 'Object Repository/Production/Login/Password_Field'

2022-10-25 09:26:20 - [MESSAGE][PASSED] - I type '123456' on 'Production/Login/Password_Field'

2022-10-25 09:26:20 - [TEST_STEP][PASSED] - I hide keyboard: I hide keyboard

2022-10-25 09:26:22 - [MESSAGE][PASSED] - Keyboard is hidden

2022-10-25 09:26:22 - [MESSAGE][PASSED] - I hide keyboard

2022-10-25 09:26:22 - [TEST_STEP][PASSED] - I click 'Production/Login/Login_Button': I click 'Production/Login/Login_Button'

2022-10-25 09:26:23 - [MESSAGE][PASSED] - Tapped on element 'Object Repository/Production/Login/Login_Button'

2022-10-25 09:26:23 - [MESSAGE][PASSED] - I click 'Production/Login/Login_Button'

2022-10-25 09:26:23 - [TEST_STEP][PASSED] - I wait for 5 seconds: I wait for 5 seconds

2022-10-25 09:26:28 - [MESSAGE][PASSED] - Delayed 5 second(s)

2022-10-25 09:26:28 - [MESSAGE][PASSED] - I wait for 5 seconds

2022-10-25 09:26:28 - [TEST_STEP][PASSED] - I kill app: I kill app

2022-10-25 09:26:38 - [MESSAGE][PASSED] - Press back button successfully

2022-10-25 09:26:45 - [MESSAGE][PASSED] - Press back button successfully

2022-10-25 09:26:45 - [MESSAGE][PASSED] - Press back button successfully

2022-10-25 09:26:46 - [MESSAGE][PASSED] - I kill app

2022-10-25 09:26:46 - [MESSAGE][PASSED] - Feature file: 'Include/features/Login.feature' was passed

2022-10-25 09:26:46 - [TEST_STEP][FAILED] - runFeatureFile("Include/features/HomePage.feature"): Keyword runFeatureFile was failed (Root cause: com.kms.katalon.core.exception.StepFailedException: Feature file 'Include/features/HomePage.feature' was failed
	at com.kms.katalon.core.keyword.internal.KeywordMain.stepFailed(KeywordMain.groovy:50)
	at com.kms.katalon.core.keyword.internal.KeywordMain.stepFailed(KeywordMain.groovy)
	at com.kms.katalon.core.keyword.internal.KeywordMain.stepFailed(KeywordMain.groovy:23)
	at com.kms.katalon.core.keyword.internal.KeywordMain$stepFailed$0.call(Unknown Source)
	at com.kms.katalon.core.cucumber.keyword.CucumberBuiltinKeywords$_runFeatureFile_closure1.doCall(CucumberBuiltinKeywords.groovy:114)
	at com.kms.katalon.core.cucumber.keyword.CucumberBuiltinKeywords$_runFeatureFile_closure1.doCall(CucumberBuiltinKeywords.groovy)
	at com.kms.katalon.core.keyword.internal.KeywordMain.runKeyword(KeywordMain.groovy:74)
	at com.kms.katalon.core.keyword.internal.KeywordMain.runKeyword(KeywordMain.groovy:68)
	at com.kms.katalon.core.keyword.internal.KeywordMain$runKeyword.call(Unknown Source)
	at com.kms.katalon.core.cucumber.keyword.CucumberBuiltinKeywords.runFeatureFile(CucumberBuiltinKeywords.groovy:75)
	at com.kms.katalon.core.cucumber.keyword.CucumberBuiltinKeywords$runFeatureFile$0.callStatic(Unknown Source)
	at com.kms.katalon.core.cucumber.keyword.CucumberBuiltinKeywords.runFeatureFile(CucumberBuiltinKeywords.groovy:248)
	at com.kms.katalon.core.cucumber.keyword.CucumberBuiltinKeywords$runFeatureFile.call(Unknown Source)
	at Regression.run(Regression:21)
	at com.kms.katalon.core.main.ScriptEngine.run(ScriptEngine.java:194)
	at com.kms.katalon.core.main.ScriptEngine.runScriptAsRawText(ScriptEngine.java:119)
	at com.kms.katalon.core.main.TestCaseExecutor.runScript(TestCaseExecutor.java:448)
	at com.kms.katalon.core.main.TestCaseExecutor.doExecute(TestCaseExecutor.java:439)
	at com.kms.katalon.core.main.TestCaseExecutor.processExecutionPhase(TestCaseExecutor.java:418)
	at com.kms.katalon.core.main.TestCaseExecutor.accessMainPhase(TestCaseExecutor.java:410)
	at com.kms.katalon.core.main.TestCaseExecutor.execute(TestCaseExecutor.java:285)
	at com.kms.katalon.core.common.CommonExecutor.accessTestCaseMainPhase(CommonExecutor.java:65)
	at com.kms.katalon.core.main.TestSuiteExecutor.accessTestSuiteMainPhase(TestSuiteExecutor.java:144)
	at com.kms.katalon.core.main.TestSuiteExecutor.execute(TestSuiteExecutor.java:106)
	at com.kms.katalon.core.main.TestCaseMain.startTestSuite(TestCaseMain.java:185)
	at com.kms.katalon.core.main.TestCaseMain$startTestSuite$0.call(Unknown Source)
	at TempTestSuite1666664710935.run(TempTestSuite1666664710935.groovy:36)
)

2022-10-25 09:26:46 - [MESSAGE][INFO] - Starting run keyword runFeatureFile: 'Include/features/HomePage.feature' and extract report to folder: 'C:\Users\MSI\git\automation-fe\Reports\20221025_092509\Regression\20221025_092510/cucumber_report/1666664806090'...

2022-10-25 09:26:46 - [TEST_CASE][FAILED] - Start Test Case : SCENARIO Verify all the features on HomePage: SCENARIO Verify all the features on HomePage FAILED.
Reason:
com.kms.katalon.core.exception.StepFailedException: Element 'Object Repository/Production/HomePage/View_Nama' not found
	at com.kms.katalon.core.keyword.internal.KeywordMain.stepFailed(KeywordMain.groovy:50)
	at com.kms.katalon.core.mobile.keyword.internal.MobileKeywordMain.stepFailed(MobileKeywordMain.groovy:40)
	at com.kms.katalon.core.mobile.keyword.builtin.VerifyElementVisibleKeyword$_verifyElementVisible_closure1.doCall(VerifyElementVisibleKeyword.groovy:82)
	at com.kms.katalon.core.mobile.keyword.builtin.VerifyElementVisibleKeyword$_verifyElementVisible_closure1.call(VerifyElementVisibleKeyword.groovy)
	at com.kms.katalon.core.mobile.keyword.internal.MobileKeywordMain.runKeyword(MobileKeywordMain.groovy:21)
	at com.kms.katalon.core.mobile.keyword.builtin.VerifyElementVisibleKeyword.verifyElementVisible(VerifyElementVisibleKeyword.groovy:85)
	at com.kms.katalon.core.mobile.keyword.builtin.VerifyElementVisibleKeyword.execute(VerifyElementVisibleKeyword.groovy:64)
	at com.kms.katalon.core.keyword.internal.KeywordExecutor.executeKeywordForPlatform(KeywordExecutor.groovy:74)
	at com.kms.katalon.core.mobile.keyword.MobileBuiltInKeywords.verifyElementVisible(MobileBuiltInKeywords.groovy:2031)
	at com.kms.katalon.core.mobile.keyword.MobileBuiltInKeywords$verifyElementVisible$0.call(Unknown Source)
	at Script.I_should_see(Script.groovy:109)
	at ✽.I should see 'Production/HomePage/View_Nama'(C:/Users/MSI/git/automation-fe/Include/features/HomePage.feature:13)


2022-10-25 09:26:46 - [TEST_STEP][PASSED] - I open default app: I open default app

2022-10-25 09:26:46 - [MESSAGE][INFO] - User set preference: ['deviceId', 'emulator-5554']

2022-10-25 09:26:52 - [MESSAGE][PASSED] - Starting app with application ID: 'id.chatalia.app'

2022-10-25 09:26:57 - [MESSAGE][PASSED] - Delayed 5 second(s)

2022-10-25 09:26:57 - [MESSAGE][PASSED] - I open default app

2022-10-25 09:26:57 - [TEST_STEP][PASSED] - I should see 'Production/HomePage/Button_Beranda': I should see 'Production/HomePage/Button_Beranda'

2022-10-25 09:26:59 - [MESSAGE][PASSED] - Element 'Object Repository/Production/HomePage/Button_Beranda' is visible

2022-10-25 09:26:59 - [MESSAGE][PASSED] - I should see 'Production/HomePage/Button_Beranda'

2022-10-25 09:26:59 - [TEST_STEP][PASSED] - I should see 'Production/HomePage/View_ButtonChat': I should see 'Production/HomePage/View_ButtonChat'

2022-10-25 09:27:00 - [MESSAGE][PASSED] - Element 'Object Repository/Production/HomePage/View_ButtonChat' is visible

2022-10-25 09:27:00 - [MESSAGE][PASSED] - I should see 'Production/HomePage/View_ButtonChat'

2022-10-25 09:27:00 - [TEST_STEP][PASSED] - I should see 'Production/HomePage/Button_ClipChart': I should see 'Production/HomePage/Button_ClipChart'

2022-10-25 09:27:00 - [MESSAGE][PASSED] - Element 'Object Repository/Production/HomePage/Button_ClipChart' is visible

2022-10-25 09:27:00 - [MESSAGE][PASSED] - I should see 'Production/HomePage/Button_ClipChart'

2022-10-25 09:27:00 - [TEST_STEP][PASSED] - I should see 'Production/HomePage/View_Emas': I should see 'Production/HomePage/View_Emas'

2022-10-25 09:27:00 - [MESSAGE][PASSED] - Element 'Object Repository/Production/HomePage/View_Emas' is visible

2022-10-25 09:27:00 - [MESSAGE][PASSED] - I should see 'Production/HomePage/View_Emas'

2022-10-25 09:27:00 - [TEST_STEP][FAILED] - I should see 'Production/HomePage/View_Nama': I should see 'Production/HomePage/View_Nama' FAILED.
Reason:
com.kms.katalon.core.exception.StepFailedException: Element 'Object Repository/Production/HomePage/View_Nama' not found
	at com.kms.katalon.core.keyword.internal.KeywordMain.stepFailed(KeywordMain.groovy:50)
	at com.kms.katalon.core.mobile.keyword.internal.MobileKeywordMain.stepFailed(MobileKeywordMain.groovy:40)
	at com.kms.katalon.core.mobile.keyword.builtin.VerifyElementVisibleKeyword$_verifyElementVisible_closure1.doCall(VerifyElementVisibleKeyword.groovy:82)
	at com.kms.katalon.core.mobile.keyword.builtin.VerifyElementVisibleKeyword$_verifyElementVisible_closure1.call(VerifyElementVisibleKeyword.groovy)
	at com.kms.katalon.core.mobile.keyword.internal.MobileKeywordMain.runKeyword(MobileKeywordMain.groovy:21)
	at com.kms.katalon.core.mobile.keyword.builtin.VerifyElementVisibleKeyword.verifyElementVisible(VerifyElementVisibleKeyword.groovy:85)
	at com.kms.katalon.core.mobile.keyword.builtin.VerifyElementVisibleKeyword.execute(VerifyElementVisibleKeyword.groovy:64)
	at com.kms.katalon.core.keyword.internal.KeywordExecutor.executeKeywordForPlatform(KeywordExecutor.groovy:74)
	at com.kms.katalon.core.mobile.keyword.MobileBuiltInKeywords.verifyElementVisible(MobileBuiltInKeywords.groovy:2031)
	at com.kms.katalon.core.mobile.keyword.MobileBuiltInKeywords$verifyElementVisible$0.call(Unknown Source)
	at Script.I_should_see(Script.groovy:109)
	at ✽.I should see 'Production/HomePage/View_Nama'(C:/Users/MSI/git/automation-fe/Include/features/HomePage.feature:13)


2022-10-25 09:27:10 - [MESSAGE][FAILED] - Element 'Object Repository/Production/HomePage/View_Nama' not found

2022-10-25 09:27:10 - [MESSAGE][FAILED] - Failed to check for element 'Object Repository/Production/HomePage/View_Nama' visible (Root cause: com.kms.katalon.core.exception.StepFailedException: Element 'Object Repository/Production/HomePage/View_Nama' not found
	at com.kms.katalon.core.keyword.internal.KeywordMain.stepFailed(KeywordMain.groovy:50)
	at com.kms.katalon.core.mobile.keyword.internal.MobileKeywordMain.stepFailed(MobileKeywordMain.groovy:40)
	at com.kms.katalon.core.mobile.keyword.builtin.VerifyElementVisibleKeyword$_verifyElementVisible_closure1.doCall(VerifyElementVisibleKeyword.groovy:82)
	at com.kms.katalon.core.mobile.keyword.builtin.VerifyElementVisibleKeyword$_verifyElementVisible_closure1.call(VerifyElementVisibleKeyword.groovy)
	at com.kms.katalon.core.mobile.keyword.internal.MobileKeywordMain.runKeyword(MobileKeywordMain.groovy:21)
	at com.kms.katalon.core.mobile.keyword.builtin.VerifyElementVisibleKeyword.verifyElementVisible(VerifyElementVisibleKeyword.groovy:85)
	at com.kms.katalon.core.mobile.keyword.builtin.VerifyElementVisibleKeyword.execute(VerifyElementVisibleKeyword.groovy:64)
	at com.kms.katalon.core.keyword.internal.KeywordExecutor.executeKeywordForPlatform(KeywordExecutor.groovy:74)
	at com.kms.katalon.core.mobile.keyword.MobileBuiltInKeywords.verifyElementVisible(MobileBuiltInKeywords.groovy:2031)
	at com.kms.katalon.core.mobile.keyword.MobileBuiltInKeywords$verifyElementVisible$0.call(Unknown Source)
	at Script.I_should_see(Script.groovy:109)
	at cucumber.runtime.Utils$1.call(Utils.java:26)
	at cucumber.runtime.Timeout.timeout(Timeout.java:16)
	at cucumber.runtime.Utils.invoke(Utils.java:20)
	at cucumber.runtime.java.JavaStepDefinition.execute(JavaStepDefinition.java:48)
	at cucumber.runtime.PickleStepDefinitionMatch.runStep(PickleStepDefinitionMatch.java:50)
	at cucumber.runner.TestStep.executeStep(TestStep.java:68)
	at cucumber.runner.TestStep.run(TestStep.java:50)
	at cucumber.runner.PickleStepTestStep.run(PickleStepTestStep.java:53)
	at cucumber.runner.TestCase.run(TestCase.java:47)
	at cucumber.runner.Runner.runPickle(Runner.java:44)
	at cucumber.runtime.Runtime.runFeature(Runtime.java:120)
	at cucumber.runtime.Runtime.run(Runtime.java:106)
	at cucumber.api.cli.Main.run(Main.java:35)
	at cucumber.api.cli.Main$run.call(Unknown Source)
	at com.kms.katalon.core.cucumber.keyword.CucumberBuiltinKeywords$_runFeatureFile_closure1.doCall(CucumberBuiltinKeywords.groovy:108)
	at com.kms.katalon.core.cucumber.keyword.CucumberBuiltinKeywords$_runFeatureFile_closure1.doCall(CucumberBuiltinKeywords.groovy)
	at com.kms.katalon.core.keyword.internal.KeywordMain.runKeyword(KeywordMain.groovy:74)
	at com.kms.katalon.core.keyword.internal.KeywordMain.runKeyword(KeywordMain.groovy:68)
	at com.kms.katalon.core.keyword.internal.KeywordMain$runKeyword.call(Unknown Source)
	at com.kms.katalon.core.cucumber.keyword.CucumberBuiltinKeywords.runFeatureFile(CucumberBuiltinKeywords.groovy:75)
	at com.kms.katalon.core.cucumber.keyword.CucumberBuiltinKeywords$runFeatureFile$0.callStatic(Unknown Source)
	at com.kms.katalon.core.cucumber.keyword.CucumberBuiltinKeywords.runFeatureFile(CucumberBuiltinKeywords.groovy:248)
	at com.kms.katalon.core.cucumber.keyword.CucumberBuiltinKeywords$runFeatureFile.call(Unknown Source)
	at Regression.run(Regression:21)
	at com.kms.katalon.core.main.ScriptEngine.run(ScriptEngine.java:194)
	at com.kms.katalon.core.main.ScriptEngine.runScriptAsRawText(ScriptEngine.java:119)
	at com.kms.katalon.core.main.TestCaseExecutor.runScript(TestCaseExecutor.java:448)
	at com.kms.katalon.core.main.TestCaseExecutor.doExecute(TestCaseExecutor.java:439)
	at com.kms.katalon.core.main.TestCaseExecutor.processExecutionPhase(TestCaseExecutor.java:418)
	at com.kms.katalon.core.main.TestCaseExecutor.accessMainPhase(TestCaseExecutor.java:410)
	at com.kms.katalon.core.main.TestCaseExecutor.execute(TestCaseExecutor.java:285)
	at com.kms.katalon.core.common.CommonExecutor.accessTestCaseMainPhase(CommonExecutor.java:65)
	at com.kms.katalon.core.main.TestSuiteExecutor.accessTestSuiteMainPhase(TestSuiteExecutor.java:144)
	at com.kms.katalon.core.main.TestSuiteExecutor.execute(TestSuiteExecutor.java:106)
	at com.kms.katalon.core.main.TestCaseMain.startTestSuite(TestCaseMain.java:185)
	at com.kms.katalon.core.main.TestCaseMain$startTestSuite$0.call(Unknown Source)
	at TempTestSuite1666664710935.run(TempTestSuite1666664710935.groovy:36)
)
[[ATTACHMENT|C:\\Users\\MSI\\git\\automation-fe\\Reports\\20221025_092509\\Regression\\20221025_092510\\1666664830462.png]]

2022-10-25 09:27:10 - [MESSAGE][FAILED] - I should see 'Production/HomePage/View_Nama' FAILED.
Reason:
com.kms.katalon.core.exception.StepFailedException: Element 'Object Repository/Production/HomePage/View_Nama' not found
	at com.kms.katalon.core.keyword.internal.KeywordMain.stepFailed(KeywordMain.groovy:50)
	at com.kms.katalon.core.mobile.keyword.internal.MobileKeywordMain.stepFailed(MobileKeywordMain.groovy:40)
	at com.kms.katalon.core.mobile.keyword.builtin.VerifyElementVisibleKeyword$_verifyElementVisible_closure1.doCall(VerifyElementVisibleKeyword.groovy:82)
	at com.kms.katalon.core.mobile.keyword.builtin.VerifyElementVisibleKeyword$_verifyElementVisible_closure1.call(VerifyElementVisibleKeyword.groovy)
	at com.kms.katalon.core.mobile.keyword.internal.MobileKeywordMain.runKeyword(MobileKeywordMain.groovy:21)
	at com.kms.katalon.core.mobile.keyword.builtin.VerifyElementVisibleKeyword.verifyElementVisible(VerifyElementVisibleKeyword.groovy:85)
	at com.kms.katalon.core.mobile.keyword.builtin.VerifyElementVisibleKeyword.execute(VerifyElementVisibleKeyword.groovy:64)
	at com.kms.katalon.core.keyword.internal.KeywordExecutor.executeKeywordForPlatform(KeywordExecutor.groovy:74)
	at com.kms.katalon.core.mobile.keyword.MobileBuiltInKeywords.verifyElementVisible(MobileBuiltInKeywords.groovy:2031)
	at com.kms.katalon.core.mobile.keyword.MobileBuiltInKeywords$verifyElementVisible$0.call(Unknown Source)
	at Script.I_should_see(Script.groovy:109)
	at ✽.I should see 'Production/HomePage/View_Nama'(C:/Users/MSI/git/automation-fe/Include/features/HomePage.feature:13)


2022-10-25 09:27:10 - [TEST_STEP][NOT_RUN] - I should see 'Production/HomePage/View_Referral': I should see 'Production/HomePage/View_Referral'

2022-10-25 09:27:10 - [MESSAGE][NOT_RUN] - I should see 'Production/HomePage/View_Referral'

2022-10-25 09:27:10 - [TEST_STEP][NOT_RUN] - I should see 'Production/HomePage/View_TotalSaldo': I should see 'Production/HomePage/View_TotalSaldo'

2022-10-25 09:27:10 - [MESSAGE][NOT_RUN] - I should see 'Production/HomePage/View_TotalSaldo'

2022-10-25 09:27:10 - [TEST_STEP][NOT_RUN] - I swipe to bottom trx: I swipe to bottom trx

2022-10-25 09:27:10 - [MESSAGE][NOT_RUN] - I swipe to bottom trx

2022-10-25 09:27:10 - [TEST_STEP][NOT_RUN] - I should see 'Production/HomePage/Button_KelolaAnggaran': I should see 'Production/HomePage/Button_KelolaAnggaran'

2022-10-25 09:27:10 - [MESSAGE][NOT_RUN] - I should see 'Production/HomePage/Button_KelolaAnggaran'

2022-10-25 09:27:10 - [TEST_STEP][NOT_RUN] - I should see 'Production/HomePage/Text_SisaAngaaran': I should see 'Production/HomePage/Text_SisaAngaaran'

2022-10-25 09:27:10 - [MESSAGE][NOT_RUN] - I should see 'Production/HomePage/Text_SisaAngaaran'

2022-10-25 09:27:10 - [TEST_STEP][NOT_RUN] - I swipe to bottom trx: I swipe to bottom trx

2022-10-25 09:27:10 - [MESSAGE][NOT_RUN] - I swipe to bottom trx

2022-10-25 09:27:10 - [TEST_STEP][NOT_RUN] - I should see 'Production/HomePage/View_Basic': I should see 'Production/HomePage/View_Basic'

2022-10-25 09:27:10 - [MESSAGE][NOT_RUN] - I should see 'Production/HomePage/View_Basic'

2022-10-25 09:27:10 - [TEST_STEP][NOT_RUN] - I should see 'Production/HomePage/View_HitungTujuan': I should see 'Production/HomePage/View_HitungTujuan'

2022-10-25 09:27:10 - [MESSAGE][NOT_RUN] - I should see 'Production/HomePage/View_HitungTujuan'

2022-10-25 09:27:10 - [TEST_STEP][NOT_RUN] - I should see 'Production/HomePage/View_TantanganMenabung': I should see 'Production/HomePage/View_TantanganMenabung'

2022-10-25 09:27:10 - [MESSAGE][NOT_RUN] - I should see 'Production/HomePage/View_TantanganMenabung'

2022-10-25 09:27:10 - [TEST_STEP][NOT_RUN] - I should see 'Production/HomePage/View_TK_Emas': I should see 'Production/HomePage/View_TK_Emas'

2022-10-25 09:27:10 - [MESSAGE][NOT_RUN] - I should see 'Production/HomePage/View_TK_Emas'

2022-10-25 09:27:10 - [TEST_STEP][NOT_RUN] - I should see 'Production/HomePage/View_UndangTemanMu': I should see 'Production/HomePage/View_UndangTemanMu'

2022-10-25 09:27:10 - [MESSAGE][NOT_RUN] - I should see 'Production/HomePage/View_UndangTemanMu'

2022-10-25 09:27:10 - [TEST_STEP][NOT_RUN] - I scroll to up: I scroll to up

2022-10-25 09:27:10 - [MESSAGE][NOT_RUN] - I scroll to up

2022-10-25 09:27:10 - [TEST_STEP][NOT_RUN] - I scroll to up: I scroll to up

2022-10-25 09:27:10 - [MESSAGE][NOT_RUN] - I scroll to up

2022-10-25 09:27:10 - [MESSAGE][FAILED] - Feature file 'Include/features/HomePage.feature' was failed

2022-10-25 09:27:10 - [MESSAGE][FAILED] - Keyword runFeatureFile was failed (Root cause: com.kms.katalon.core.exception.StepFailedException: Feature file 'Include/features/HomePage.feature' was failed
	at com.kms.katalon.core.keyword.internal.KeywordMain.stepFailed(KeywordMain.groovy:50)
	at com.kms.katalon.core.keyword.internal.KeywordMain.stepFailed(KeywordMain.groovy)
	at com.kms.katalon.core.keyword.internal.KeywordMain.stepFailed(KeywordMain.groovy:23)
	at com.kms.katalon.core.keyword.internal.KeywordMain$stepFailed$0.call(Unknown Source)
	at com.kms.katalon.core.cucumber.keyword.CucumberBuiltinKeywords$_runFeatureFile_closure1.doCall(CucumberBuiltinKeywords.groovy:114)
	at com.kms.katalon.core.cucumber.keyword.CucumberBuiltinKeywords$_runFeatureFile_closure1.doCall(CucumberBuiltinKeywords.groovy)
	at com.kms.katalon.core.keyword.internal.KeywordMain.runKeyword(KeywordMain.groovy:74)
	at com.kms.katalon.core.keyword.internal.KeywordMain.runKeyword(KeywordMain.groovy:68)
	at com.kms.katalon.core.keyword.internal.KeywordMain$runKeyword.call(Unknown Source)
	at com.kms.katalon.core.cucumber.keyword.CucumberBuiltinKeywords.runFeatureFile(CucumberBuiltinKeywords.groovy:75)
	at com.kms.katalon.core.cucumber.keyword.CucumberBuiltinKeywords$runFeatureFile$0.callStatic(Unknown Source)
	at com.kms.katalon.core.cucumber.keyword.CucumberBuiltinKeywords.runFeatureFile(CucumberBuiltinKeywords.groovy:248)
	at com.kms.katalon.core.cucumber.keyword.CucumberBuiltinKeywords$runFeatureFile.call(Unknown Source)
	at Regression.run(Regression:21)
	at com.kms.katalon.core.main.ScriptEngine.run(ScriptEngine.java:194)
	at com.kms.katalon.core.main.ScriptEngine.runScriptAsRawText(ScriptEngine.java:119)
	at com.kms.katalon.core.main.TestCaseExecutor.runScript(TestCaseExecutor.java:448)
	at com.kms.katalon.core.main.TestCaseExecutor.doExecute(TestCaseExecutor.java:439)
	at com.kms.katalon.core.main.TestCaseExecutor.processExecutionPhase(TestCaseExecutor.java:418)
	at com.kms.katalon.core.main.TestCaseExecutor.accessMainPhase(TestCaseExecutor.java:410)
	at com.kms.katalon.core.main.TestCaseExecutor.execute(TestCaseExecutor.java:285)
	at com.kms.katalon.core.common.CommonExecutor.accessTestCaseMainPhase(CommonExecutor.java:65)
	at com.kms.katalon.core.main.TestSuiteExecutor.accessTestSuiteMainPhase(TestSuiteExecutor.java:144)
	at com.kms.katalon.core.main.TestSuiteExecutor.execute(TestSuiteExecutor.java:106)
	at com.kms.katalon.core.main.TestCaseMain.startTestSuite(TestCaseMain.java:185)
	at com.kms.katalon.core.main.TestCaseMain$startTestSuite$0.call(Unknown Source)
	at TempTestSuite1666664710935.run(TempTestSuite1666664710935.groovy:36)
)]]></system-out>
         <system-err><![CDATA[2022-10-25 09:25:19 - [TEST_CASE][FAILED] - Test Cases/Regression: Test Cases/Regression FAILED.
Reason:
com.kms.katalon.core.exception.StepFailedException: Feature file 'Include/features/HomePage.feature' was failed
	at com.kms.katalon.core.keyword.internal.KeywordMain.stepFailed(KeywordMain.groovy:50)
	at com.kms.katalon.core.keyword.internal.KeywordMain.stepFailed(KeywordMain.groovy)
	at com.kms.katalon.core.keyword.internal.KeywordMain.stepFailed(KeywordMain.groovy:23)
	at com.kms.katalon.core.keyword.internal.KeywordMain$stepFailed$0.call(Unknown Source)
	at com.kms.katalon.core.cucumber.keyword.CucumberBuiltinKeywords$_runFeatureFile_closure1.doCall(CucumberBuiltinKeywords.groovy:114)
	at com.kms.katalon.core.cucumber.keyword.CucumberBuiltinKeywords$_runFeatureFile_closure1.doCall(CucumberBuiltinKeywords.groovy)
	at com.kms.katalon.core.keyword.internal.KeywordMain.runKeyword(KeywordMain.groovy:74)
	at com.kms.katalon.core.keyword.internal.KeywordMain.runKeyword(KeywordMain.groovy:68)
	at com.kms.katalon.core.keyword.internal.KeywordMain$runKeyword.call(Unknown Source)
	at com.kms.katalon.core.cucumber.keyword.CucumberBuiltinKeywords.runFeatureFile(CucumberBuiltinKeywords.groovy:75)
	at com.kms.katalon.core.cucumber.keyword.CucumberBuiltinKeywords$runFeatureFile$0.callStatic(Unknown Source)
	at com.kms.katalon.core.cucumber.keyword.CucumberBuiltinKeywords.runFeatureFile(CucumberBuiltinKeywords.groovy:248)
	at com.kms.katalon.core.cucumber.keyword.CucumberBuiltinKeywords$runFeatureFile.call(Unknown Source)
	at Regression.run(Regression:21)
	at com.kms.katalon.core.main.ScriptEngine.run(ScriptEngine.java:194)
	at com.kms.katalon.core.main.ScriptEngine.runScriptAsRawText(ScriptEngine.java:119)
	at com.kms.katalon.core.main.TestCaseExecutor.runScript(TestCaseExecutor.java:448)
	at com.kms.katalon.core.main.TestCaseExecutor.doExecute(TestCaseExecutor.java:439)
	at com.kms.katalon.core.main.TestCaseExecutor.processExecutionPhase(TestCaseExecutor.java:418)
	at com.kms.katalon.core.main.TestCaseExecutor.accessMainPhase(TestCaseExecutor.java:410)
	at com.kms.katalon.core.main.TestCaseExecutor.execute(TestCaseExecutor.java:285)
	at com.kms.katalon.core.common.CommonExecutor.accessTestCaseMainPhase(CommonExecutor.java:65)
	at com.kms.katalon.core.main.TestSuiteExecutor.accessTestSuiteMainPhase(TestSuiteExecutor.java:144)
	at com.kms.katalon.core.main.TestSuiteExecutor.execute(TestSuiteExecutor.java:106)
	at com.kms.katalon.core.main.TestCaseMain.startTestSuite(TestCaseMain.java:185)
	at com.kms.katalon.core.main.TestCaseMain$startTestSuite$0.call(Unknown Source)
	at TempTestSuite1666664710935.run(TempTestSuite1666664710935.groovy:36)]]></system-err>
      </testcase>
      <system-out><![CDATA[2022-10-25 09:25:19 - [TEST_SUITE][FAILED] - Regression: Test Cases/Regression FAILED.
Reason:
com.kms.katalon.core.exception.StepFailedException: Feature file 'Include/features/HomePage.feature' was failed
	at com.kms.katalon.core.keyword.internal.KeywordMain.stepFailed(KeywordMain.groovy:50)
	at com.kms.katalon.core.keyword.internal.KeywordMain.stepFailed(KeywordMain.groovy)
	at com.kms.katalon.core.keyword.internal.KeywordMain.stepFailed(KeywordMain.groovy:23)
	at com.kms.katalon.core.keyword.internal.KeywordMain$stepFailed$0.call(Unknown Source)
	at com.kms.katalon.core.cucumber.keyword.CucumberBuiltinKeywords$_runFeatureFile_closure1.doCall(CucumberBuiltinKeywords.groovy:114)
	at com.kms.katalon.core.cucumber.keyword.CucumberBuiltinKeywords$_runFeatureFile_closure1.doCall(CucumberBuiltinKeywords.groovy)
	at com.kms.katalon.core.keyword.internal.KeywordMain.runKeyword(KeywordMain.groovy:74)
	at com.kms.katalon.core.keyword.internal.KeywordMain.runKeyword(KeywordMain.groovy:68)
	at com.kms.katalon.core.keyword.internal.KeywordMain$runKeyword.call(Unknown Source)
	at com.kms.katalon.core.cucumber.keyword.CucumberBuiltinKeywords.runFeatureFile(CucumberBuiltinKeywords.groovy:75)
	at com.kms.katalon.core.cucumber.keyword.CucumberBuiltinKeywords$runFeatureFile$0.callStatic(Unknown Source)
	at com.kms.katalon.core.cucumber.keyword.CucumberBuiltinKeywords.runFeatureFile(CucumberBuiltinKeywords.groovy:248)
	at com.kms.katalon.core.cucumber.keyword.CucumberBuiltinKeywords$runFeatureFile.call(Unknown Source)
	at Regression.run(Regression:21)
	at com.kms.katalon.core.main.ScriptEngine.run(ScriptEngine.java:194)
	at com.kms.katalon.core.main.ScriptEngine.runScriptAsRawText(ScriptEngine.java:119)
	at com.kms.katalon.core.main.TestCaseExecutor.runScript(TestCaseExecutor.java:448)
	at com.kms.katalon.core.main.TestCaseExecutor.doExecute(TestCaseExecutor.java:439)
	at com.kms.katalon.core.main.TestCaseExecutor.processExecutionPhase(TestCaseExecutor.java:418)
	at com.kms.katalon.core.main.TestCaseExecutor.accessMainPhase(TestCaseExecutor.java:410)
	at com.kms.katalon.core.main.TestCaseExecutor.execute(TestCaseExecutor.java:285)
	at com.kms.katalon.core.common.CommonExecutor.accessTestCaseMainPhase(CommonExecutor.java:65)
	at com.kms.katalon.core.main.TestSuiteExecutor.accessTestSuiteMainPhase(TestSuiteExecutor.java:144)
	at com.kms.katalon.core.main.TestSuiteExecutor.execute(TestSuiteExecutor.java:106)
	at com.kms.katalon.core.main.TestCaseMain.startTestSuite(TestCaseMain.java:185)
	at com.kms.katalon.core.main.TestCaseMain$startTestSuite$0.call(Unknown Source)
	at TempTestSuite1666664710935.run(TempTestSuite1666664710935.groovy:36)]]></system-out>
      <system-err><![CDATA[2022-10-25 09:25:19 - [TEST_SUITE][FAILED] - Regression: Test Cases/Regression FAILED.
Reason:
com.kms.katalon.core.exception.StepFailedException: Feature file 'Include/features/HomePage.feature' was failed
	at com.kms.katalon.core.keyword.internal.KeywordMain.stepFailed(KeywordMain.groovy:50)
	at com.kms.katalon.core.keyword.internal.KeywordMain.stepFailed(KeywordMain.groovy)
	at com.kms.katalon.core.keyword.internal.KeywordMain.stepFailed(KeywordMain.groovy:23)
	at com.kms.katalon.core.keyword.internal.KeywordMain$stepFailed$0.call(Unknown Source)
	at com.kms.katalon.core.cucumber.keyword.CucumberBuiltinKeywords$_runFeatureFile_closure1.doCall(CucumberBuiltinKeywords.groovy:114)
	at com.kms.katalon.core.cucumber.keyword.CucumberBuiltinKeywords$_runFeatureFile_closure1.doCall(CucumberBuiltinKeywords.groovy)
	at com.kms.katalon.core.keyword.internal.KeywordMain.runKeyword(KeywordMain.groovy:74)
	at com.kms.katalon.core.keyword.internal.KeywordMain.runKeyword(KeywordMain.groovy:68)
	at com.kms.katalon.core.keyword.internal.KeywordMain$runKeyword.call(Unknown Source)
	at com.kms.katalon.core.cucumber.keyword.CucumberBuiltinKeywords.runFeatureFile(CucumberBuiltinKeywords.groovy:75)
	at com.kms.katalon.core.cucumber.keyword.CucumberBuiltinKeywords$runFeatureFile$0.callStatic(Unknown Source)
	at com.kms.katalon.core.cucumber.keyword.CucumberBuiltinKeywords.runFeatureFile(CucumberBuiltinKeywords.groovy:248)
	at com.kms.katalon.core.cucumber.keyword.CucumberBuiltinKeywords$runFeatureFile.call(Unknown Source)
	at Regression.run(Regression:21)
	at com.kms.katalon.core.main.ScriptEngine.run(ScriptEngine.java:194)
	at com.kms.katalon.core.main.ScriptEngine.runScriptAsRawText(ScriptEngine.java:119)
	at com.kms.katalon.core.main.TestCaseExecutor.runScript(TestCaseExecutor.java:448)
	at com.kms.katalon.core.main.TestCaseExecutor.doExecute(TestCaseExecutor.java:439)
	at com.kms.katalon.core.main.TestCaseExecutor.processExecutionPhase(TestCaseExecutor.java:418)
	at com.kms.katalon.core.main.TestCaseExecutor.accessMainPhase(TestCaseExecutor.java:410)
	at com.kms.katalon.core.main.TestCaseExecutor.execute(TestCaseExecutor.java:285)
	at com.kms.katalon.core.common.CommonExecutor.accessTestCaseMainPhase(CommonExecutor.java:65)
	at com.kms.katalon.core.main.TestSuiteExecutor.accessTestSuiteMainPhase(TestSuiteExecutor.java:144)
	at com.kms.katalon.core.main.TestSuiteExecutor.execute(TestSuiteExecutor.java:106)
	at com.kms.katalon.core.main.TestCaseMain.startTestSuite(TestCaseMain.java:185)
	at com.kms.katalon.core.main.TestCaseMain$startTestSuite$0.call(Unknown Source)
	at TempTestSuite1666664710935.run(TempTestSuite1666664710935.groovy:36)]]></system-err>
   </testsuite>
</testsuites>
